0 info it worked if it ends with ok
1 verbose cli [ '/usr/local/bin/node',
1 verbose cli   '/usr/local/bin/npm',
1 verbose cli   'run',
1 verbose cli   'build:winsetup' ]
2 info using npm@4.1.1
3 info using node@v7.2.0
4 verbose run-script [ 'prebuild:winsetup', 'build:winsetup', 'postbuild:winsetup' ]
5 info lifecycle wpsync@0.1.0-ALPHA~prebuild:winsetup: wpsync@0.1.0-ALPHA
6 silly lifecycle wpsync@0.1.0-ALPHA~prebuild:winsetup: no script for prebuild:winsetup, continuing
7 info lifecycle wpsync@0.1.0-ALPHA~build:winsetup: wpsync@0.1.0-ALPHA
8 verbose lifecycle wpsync@0.1.0-ALPHA~build:winsetup: unsafe-perm in lifecycle true
9 verbose lifecycle wpsync@0.1.0-ALPHA~build:winsetup: PATH: /usr/local/lib/node_modules/npm/bin/node-gyp-bin:/Users/kehongwei/workspace/wpsync/node_modules/.bin:/opt/local/bin:/opt/local/sbin:/Users/kehongwei/bin:/usr/local/bin:/usr/bin:/bin:/usr/sbin:/sbin:/opt/X11/bin:/opt/maven/apache-maven-3.3.9/bin:/Users/kehongwei/spark-2.0.1/bin:/Users/kehongwei/spark-2.0.1/sbin:/Users/kehongwei/scala/scala-2.11.8/bin:/Users/kehongwei/SVM/libsvm-3.21/java
10 verbose lifecycle wpsync@0.1.0-ALPHA~build:winsetup: CWD: /Users/kehongwei/workspace/wpsync
11 silly lifecycle wpsync@0.1.0-ALPHA~build:winsetup: Args: [ '-c',
11 silly lifecycle   'electron-installer-windows --src dist/${npm_package_productName}-win32-x64 --dest dist/installers/' ]
12 silly lifecycle wpsync@0.1.0-ALPHA~build:winsetup: Returned: code: 1  signal: null
13 info lifecycle wpsync@0.1.0-ALPHA~build:winsetup: Failed to exec build:winsetup script
14 verbose stack Error: wpsync@0.1.0-ALPHA build:winsetup: `electron-installer-windows --src dist/${npm_package_productName}-win32-x64 --dest dist/installers/`
14 verbose stack Exit status 1
14 verbose stack     at EventEmitter.<anonymous> (/usr/local/lib/node_modules/npm/lib/utils/lifecycle.js:279:16)
14 verbose stack     at emitTwo (events.js:106:13)
14 verbose stack     at EventEmitter.emit (events.js:191:7)
14 verbose stack     at ChildProcess.<anonymous> (/usr/local/lib/node_modules/npm/lib/utils/spawn.js:40:14)
14 verbose stack     at emitTwo (events.js:106:13)
14 verbose stack     at ChildProcess.emit (events.js:191:7)
14 verbose stack     at maybeClose (internal/child_process.js:885:16)
14 verbose stack     at Process.ChildProcess._handle.onexit (internal/child_process.js:226:5)
15 verbose pkgid wpsync@0.1.0-ALPHA
16 verbose cwd /Users/kehongwei/workspace/wpsync
17 error Darwin 15.6.0
18 error argv "/usr/local/bin/node" "/usr/local/bin/npm" "run" "build:winsetup"
19 error node v7.2.0
20 error npm  v4.1.1
21 error code ELIFECYCLE
22 error wpsync@0.1.0-ALPHA build:winsetup: `electron-installer-windows --src dist/${npm_package_productName}-win32-x64 --dest dist/installers/`
22 error Exit status 1
23 error Failed at the wpsync@0.1.0-ALPHA build:winsetup script 'electron-installer-windows --src dist/${npm_package_productName}-win32-x64 --dest dist/installers/'.
23 error Make sure you have the latest version of node.js and npm installed.
23 error If you do, this is most likely a problem with the wpsync package,
23 error not with npm itself.
23 error Tell the author that this fails on your system:
23 error     electron-installer-windows --src dist/${npm_package_productName}-win32-x64 --dest dist/installers/
23 error You can get information on how to open an issue for this project with:
23 error     npm bugs wpsync
23 error Or if that isn't available, you can get their info via:
23 error     npm owner ls wpsync
23 error There is likely additional logging output above.
24 verbose exit [ 1, true ]
